[DEBUG] Simulating GHL Inbound SMS to: https://empire-unified-backup-production.up.railway.app/ghl/inbound-sms
[DEBUG] Sending Payload: {
  "contactId": "test_contact_1768493760",
  "phone": "+13529368152",
  "body": "Hi Sarah, verified constraint logic test.",
  "direction": "inbound",
  "messageId": "debug_msg_1768493760",
  "type": "SMS"
}
[DEBUG] Response 200 in 1.26s
[DEBUG] Body: {"reason":"duplicate","status":"skipped"}

Traceback (most recent call last):
  File "C:\Users\nearm\.gemini\antigravity\scratch\empire-unified\railway\simulate_ghl_inbound.py", line 44, in simulate_inbound_sms
    print("[DEBUG] \u26a0\ufe0f RECEIVED but NO REPLY sent.")
    ~~~~~^^^^^^^^^^^^^^^^^^^^^^^^^^^^^^^^^^^^^^^^^^
  File "C:\Python313\Lib\encodings\cp1252.py", line 19, in encode
    return codecs.charmap_encode(input,self.errors,encoding_table)[0]
           ~~~~~~~~~~~~~~~~~~~~~^^^^^^^^^^^^^^^^^^^^^^^^^^^^^^^^^^
UnicodeEncodeError: 'charmap' codec can't encode characters in position 8-9: character maps to <undefined>

During handling of the above exception, another exception occurred:

Traceback (most recent call last):
  File "C:\Users\nearm\.gemini\antigravity\scratch\empire-unified\railway\simulate_ghl_inbound.py", line 53, in <module>
    simulate_inbound_sms()
    ~~~~~~~~~~~~~~~~~~~~^^
  File "C:\Users\nearm\.gemini\antigravity\scratch\empire-unified\railway\simulate_ghl_inbound.py", line 50, in simulate_inbound_sms
    print(f"[DEBUG] \u274c EXCEPTION: {e}")
    ~~~~~^^^^^^^^^^^^^^^^^^^^^^^^^^^^^^
  File "C:\Python313\Lib\encodings\cp1252.py", line 19, in encode
    return codecs.charmap_encode(input,self.errors,encoding_table)[0]
           ~~~~~~~~~~~~~~~~~~~~~^^^^^^^^^^^^^^^^^^^^^^^^^^^^^^^^^^
UnicodeEncodeError: 'charmap' codec can't encode character '\u274c' in position 8: character maps to <undefined>
