+- Error ---------------------------------------------------------------------+
| 'charmap' codec can't encode character '\u2713' in position 0: character    |
| maps to <undefined>                                                         |
+-----------------------------------------------------------------------------+
[Mon 01/12/2026 14:00:05.09] Social post executed 
+- Error ---------------------------------------------------------------------+
| 'charmap' codec can't encode character '\u2713' in position 0: character    |
| maps to <undefined>                                                         |
+-----------------------------------------------------------------------------+
[Mon 01/12/2026 20:00:04.79] Social post executed 
+- Error ---------------------------------------------------------------------+
| 'charmap' codec can't encode character '\u2713' in position 0: character    |
| maps to <undefined>                                                         |
+-----------------------------------------------------------------------------+
[Tue 01/13/2026  2:00:04.55] Social post executed 
+- Error ---------------------------------------------------------------------+
| 'charmap' codec can't encode character '\u2713' in position 0: character    |
| maps to <undefined>                                                         |
+-----------------------------------------------------------------------------+
[Tue 01/13/2026  8:00:14.45] Social post executed 
+- Error ---------------------------------------------------------------------+
| 'charmap' codec can't encode character '\u2713' in position 0: character    |
| maps to <undefined>                                                         |
+-----------------------------------------------------------------------------+
[Tue 01/13/2026 14:00:34.88] Social post executed 
+- Error ---------------------------------------------------------------------+
| 'charmap' codec can't encode character '\u2713' in position 0: character    |
| maps to <undefined>                                                         |
+-----------------------------------------------------------------------------+
[Tue 01/13/2026 20:00:05.29] Social post executed 
+- Error ---------------------------------------------------------------------+
| 'charmap' codec can't encode character '\u2713' in position 0: character    |
| maps to <undefined>                                                         |
+-----------------------------------------------------------------------------+
[Wed 01/14/2026  2:00:04.94] Social post executed 
+- Error ---------------------------------------------------------------------+
| 'charmap' codec can't encode character '\u2713' in position 0: character    |
| maps to <undefined>                                                         |
+-----------------------------------------------------------------------------+
[Wed 01/14/2026  8:00:05.57] Social post executed 
+- Error ---------------------------------------------------------------------+
| 'charmap' codec can't encode character '\u2713' in position 0: character    |
| maps to <undefined>                                                         |
+-----------------------------------------------------------------------------+
[Wed 01/14/2026 14:00:05.08] Social post executed 
+- Error ---------------------------------------------------------------------+
| 'charmap' codec can't encode character '\u2713' in position 0: character    |
| maps to <undefined>                                                         |
+-----------------------------------------------------------------------------+
[Wed 01/14/2026 20:00:11.85] Social post executed 
+- Error ---------------------------------------------------------------------+
| 'charmap' codec can't encode character '\u2713' in position 0: character    |
| maps to <undefined>                                                         |
+-----------------------------------------------------------------------------+
[Thu 01/15/2026 14:00:11.03] Social post executed 
+- Error ---------------------------------------------------------------------+
| 'charmap' codec can't encode character '\u2713' in position 0: character    |
| maps to <undefined>                                                         |
+-----------------------------------------------------------------------------+
[Thu 01/15/2026 20:00:09.95] Social post executed 
+- Error ---------------------------------------------------------------------+
| 'charmap' codec can't encode character '\u2713' in position 0: character    |
| maps to <undefined>                                                         |
+-----------------------------------------------------------------------------+
[Fri 01/16/2026  2:00:05.18] Social post executed 
+- Error ---------------------------------------------------------------------+
| 'charmap' codec can't encode character '\u2713' in position 0: character    |
| maps to <undefined>                                                         |
+-----------------------------------------------------------------------------+
[Fri 01/16/2026 16:23:35.56] Social post executed 
+- Error ---------------------------------------------------------------------+
| 'charmap' codec can't encode character '\u2713' in position 0: character    |
| maps to <undefined>                                                         |
+-----------------------------------------------------------------------------+
[Sat 01/17/2026  8:57:47.27] Social post executed 
+- Error ---------------------------------------------------------------------+
| 'charmap' codec can't encode character '\u2713' in position 0: character    |
| maps to <undefined>                                                         |
+-----------------------------------------------------------------------------+
[Sat 01/17/2026 14:00:09.46] Social post executed 
+- Error ---------------------------------------------------------------------+
| 'charmap' codec can't encode character '\u2713' in position 0: character    |
| maps to <undefined>                                                         |
+-----------------------------------------------------------------------------+
[Sat 01/17/2026 20:00:05.79] Social post executed 
+- Error ---------------------------------------------------------------------+
| 'charmap' codec can't encode character '\u2713' in position 0: character    |
| maps to <undefined>                                                         |
+-----------------------------------------------------------------------------+
[Sun 01/18/2026  2:00:05.10] Social post executed 
+- Error ---------------------------------------------------------------------+
| 'charmap' codec can't encode character '\u2713' in position 0: character    |
| maps to <undefined>                                                         |
+-----------------------------------------------------------------------------+
[Sun 01/18/2026  8:00:07.16] Social post executed 
+- Error ---------------------------------------------------------------------+
| 'charmap' codec can't encode character '\u2713' in position 0: character    |
| maps to <undefined>                                                         |
+-----------------------------------------------------------------------------+
[Sun 01/18/2026 14:00:08.82] Social post executed 
+- Error ---------------------------------------------------------------------+
| 'charmap' codec can't encode character '\u2713' in position 0: character    |
| maps to <undefined>                                                         |
+-----------------------------------------------------------------------------+
[Mon 01/19/2026  2:00:05.40] Social post executed 
+- Error ---------------------------------------------------------------------+
| 'charmap' codec can't encode character '\u2713' in position 0: character    |
| maps to <undefined>                                                         |
+-----------------------------------------------------------------------------+
[Mon 01/19/2026 13:10:50.13] Social post executed 
+- Error ---------------------------------------------------------------------+
| 'charmap' codec can't encode character '\u2713' in position 0: character    |
| maps to <undefined>                                                         |
+-----------------------------------------------------------------------------+
[Mon 01/19/2026 15:00:06.14] Social post executed 
+- Error ---------------------------------------------------------------------+
| 'charmap' codec can't encode character '\u2713' in position 0: character    |
| maps to <undefined>                                                         |
+-----------------------------------------------------------------------------+
[Mon 01/19/2026 21:00:05.59] Social post executed 
+- Error ---------------------------------------------------------------------+
| 'charmap' codec can't encode character '\u2713' in position 0: character    |
| maps to <undefined>                                                         |
+-----------------------------------------------------------------------------+
[Tue 01/20/2026  3:00:05.20] Social post executed 
+- Error ---------------------------------------------------------------------+
| 'charmap' codec can't encode character '\u2713' in position 0: character    |
| maps to <undefined>                                                         |
+-----------------------------------------------------------------------------+
[Tue 01/20/2026  9:00:30.56] Social post executed 
+- Error ---------------------------------------------------------------------+
| 'charmap' codec can't encode character '\u2713' in position 0: character    |
| maps to <undefined>                                                         |
+-----------------------------------------------------------------------------+
[Tue 01/20/2026 14:00:05.32] Social post executed 
^C+- Error ---------------------------------------------------------------------+
| 'charmap' codec can't encode character '\u2713' in position 0: character    |
| maps to <undefined>                                                         |
+-----------------------------------------------------------------------------+
[Wed 01/21/2026  7:42:41.63] Social post executed 
+- Error ---------------------------------------------------------------------+
| 'charmap' codec can't encode character '\u2713' in position 0: character    |
| maps to <undefined>                                                         |
+-----------------------------------------------------------------------------+
[Wed 01/21/2026  9:21:54.45] Social post executed 
+- Error ---------------------------------------------------------------------+
| 'charmap' codec can't encode character '\u2713' in position 0: character    |
| maps to <undefined>                                                         |
+-----------------------------------------------------------------------------+
[Wed 01/21/2026 14:31:45.78] Social post executed 
+- Error ---------------------------------------------------------------------+
| 'charmap' codec can't encode character '\u2713' in position 0: character    |
| maps to <undefined>                                                         |
+-----------------------------------------------------------------------------+
[Thu 01/22/2026  2:00:09.31] Social post executed 
+- Error ---------------------------------------------------------------------+
| 'charmap' codec can't encode character '\u2713' in position 0: character    |
| maps to <undefined>                                                         |
+-----------------------------------------------------------------------------+
[Thu 01/22/2026 14:00:23.74] Social post executed 
+- Error ---------------------------------------------------------------------+
| 'charmap' codec can't encode character '\u2713' in position 0: character    |
| maps to <undefined>                                                         |
+-----------------------------------------------------------------------------+
[Thu 01/22/2026 20:00:11.04] Social post executed 
+- Error ---------------------------------------------------------------------+
| 'charmap' codec can't encode character '\u2713' in position 0: character    |
| maps to <undefined>                                                         |
+-----------------------------------------------------------------------------+
[Fri 01/23/2026  2:00:13.01] Social post executed 
+- Error ---------------------------------------------------------------------+
| 'charmap' codec can't encode character '\u2713' in position 0: character    |
| maps to <undefined>                                                         |
+-----------------------------------------------------------------------------+
[Fri 01/23/2026  8:00:04.60] Social post executed 
+- Error ---------------------------------------------------------------------+
| 'charmap' codec can't encode character '\u2713' in position 0: character    |
| maps to <undefined>                                                         |
+-----------------------------------------------------------------------------+
[Fri 01/23/2026 14:00:38.30] Social post executed 
+- Error ---------------------------------------------------------------------+
| 'charmap' codec can't encode character '\u2713' in position 0: character    |
| maps to <undefined>                                                         |
+-----------------------------------------------------------------------------+
[Sat 01/24/2026  9:20:30.32] Social post executed 
+- Error ---------------------------------------------------------------------+
| 'charmap' codec can't encode character '\u2713' in position 0: character    |
| maps to <undefined>                                                         |
+-----------------------------------------------------------------------------+
[Sat 01/24/2026 14:00:04.39] Social post executed 
+- Error ---------------------------------------------------------------------+
| 'charmap' codec can't encode character '\u2713' in position 0: character    |
| maps to <undefined>                                                         |
+-----------------------------------------------------------------------------+
[Sat 01/24/2026 20:52:52.73] Social post executed 
+- Error ---------------------------------------------------------------------+
| 'charmap' codec can't encode character '\u2713' in position 0: character    |
| maps to <undefined>                                                         |
+-----------------------------------------------------------------------------+
[Sun 01/25/2026  2:00:04.15] Social post executed 
+- Error ---------------------------------------------------------------------+
| 'charmap' codec can't encode character '\u2713' in position 0: character    |
| maps to <undefined>                                                         |
+-----------------------------------------------------------------------------+
[Sun 01/25/2026 14:00:03.65] Social post executed 
+- Error ---------------------------------------------------------------------+
| Could not connect to the Modal server.                                      |
+-----------------------------------------------------------------------------+
[Sun 01/25/2026 20:01:02.29] Social post executed 
+- Error ---------------------------------------------------------------------+
| 'charmap' codec can't encode character '\u2713' in position 0: character    |
| maps to <undefined>                                                         |
+-----------------------------------------------------------------------------+
[Mon 01/26/2026  2:00:04.02] Social post executed 
+- Error ---------------------------------------------------------------------+
| 'charmap' codec can't encode character '\u2713' in position 0: character    |
| maps to <undefined>                                                         |
+-----------------------------------------------------------------------------+
[Mon 01/26/2026  8:17:26.29] Social post executed 
+--------------------- Traceback (most recent call last) ---------------------+
| C:\Users\nearm\AppData\Roaming\Python\Python313\site-packages\modal\cli\imp |
| ort_refs.py:98 in import_file_or_module                                     |
|                                                                             |
|    97             assert spec.loader                                        |
| >  98             spec.loader.exec_module(module)                           |
|    99         except Exception as exc:                                      |
| <frozen importlib._bootstrap_external>:1022 in exec_module                  |
|                                                                             |
| <frozen importlib._bootstrap_external>:1159 in get_code                     |
|                                                                             |
| <frozen importlib._bootstrap_external>:1217 in get_data                     |
|                                                                             |
+-----------------------------------------------------------------------------+
FileNotFoundError: [Errno 2] No such file or directory: 
'C:\\Users\\nearm\\.gemini\\antigravity\\scratch\\empire-unified\\modal_social.
py'
[Mon 01/26/2026 14:00:04.58] Social post executed 
+--------------------- Traceback (most recent call last) ---------------------+
| C:\Users\nearm\AppData\Roaming\Python\Python313\site-packages\modal\cli\imp |
| ort_refs.py:98 in import_file_or_module                                     |
|                                                                             |
|    97             assert spec.loader                                        |
| >  98             spec.loader.exec_module(module)                           |
|    99         except Exception as exc:                                      |
| <frozen importlib._bootstrap_external>:1022 in exec_module                  |
|                                                                             |
| <frozen importlib._bootstrap_external>:1159 in get_code                     |
|                                                                             |
| <frozen importlib._bootstrap_external>:1217 in get_data                     |
|                                                                             |
+-----------------------------------------------------------------------------+
FileNotFoundError: [Errno 2] No such file or directory: 
'C:\\Users\\nearm\\.gemini\\antigravity\\scratch\\empire-unified\\modal_social.
py'
[Mon 01/26/2026 20:00:11.17] Social post executed 
+--------------------- Traceback (most recent call last) ---------------------+
| C:\Users\nearm\AppData\Roaming\Python\Python313\site-packages\modal\cli\imp |
| ort_refs.py:98 in import_file_or_module                                     |
|                                                                             |
|    97             assert spec.loader                                        |
| >  98             spec.loader.exec_module(module)                           |
|    99         except Exception as exc:                                      |
| <frozen importlib._bootstrap_external>:1022 in exec_module                  |
|                                                                             |
| <frozen importlib._bootstrap_external>:1159 in get_code                     |
|                                                                             |
| <frozen importlib._bootstrap_external>:1217 in get_data                     |
|                                                                             |
+-----------------------------------------------------------------------------+
FileNotFoundError: [Errno 2] No such file or directory: 
'C:\\Users\\nearm\\.gemini\\antigravity\\scratch\\empire-unified\\modal_social.
py'
[Tue 01/27/2026  2:00:03.75] Social post executed 
+--------------------- Traceback (most recent call last) ---------------------+
| C:\Users\nearm\AppData\Roaming\Python\Python313\site-packages\modal\cli\imp |
| ort_refs.py:98 in import_file_or_module                                     |
|                                                                             |
|    97             assert spec.loader                                        |
| >  98             spec.loader.exec_module(module)                           |
|    99         except Exception as exc:                                      |
| <frozen importlib._bootstrap_external>:1022 in exec_module                  |
|                                                                             |
| <frozen importlib._bootstrap_external>:1159 in get_code                     |
|                                                                             |
| <frozen importlib._bootstrap_external>:1217 in get_data                     |
|                                                                             |
+-----------------------------------------------------------------------------+
FileNotFoundError: [Errno 2] No such file or directory: 
'C:\\Users\\nearm\\.gemini\\antigravity\\scratch\\empire-unified\\modal_social.
py'
[Tue 01/27/2026  8:00:03.87] Social post executed 
+--------------------- Traceback (most recent call last) ---------------------+
| C:\Users\nearm\AppData\Roaming\Python\Python313\site-packages\modal\cli\imp |
| ort_refs.py:98 in import_file_or_module                                     |
|                                                                             |
|    97             assert spec.loader                                        |
| >  98             spec.loader.exec_module(module)                           |
|    99         except Exception as exc:                                      |
| <frozen importlib._bootstrap_external>:1022 in exec_module                  |
|                                                                             |
| <frozen importlib._bootstrap_external>:1159 in get_code                     |
|                                                                             |
| <frozen importlib._bootstrap_external>:1217 in get_data                     |
|                                                                             |
+-----------------------------------------------------------------------------+
FileNotFoundError: [Errno 2] No such file or directory: 
'C:\\Users\\nearm\\.gemini\\antigravity\\scratch\\empire-unified\\modal_social.
py'
[Tue 01/27/2026 14:00:03.16] Social post executed 
+--------------------- Traceback (most recent call last) ---------------------+
| C:\Users\nearm\AppData\Roaming\Python\Python313\site-packages\modal\cli\imp |
| ort_refs.py:98 in import_file_or_module                                     |
|                                                                             |
|    97             assert spec.loader                                        |
| >  98             spec.loader.exec_module(module)                           |
|    99         except Exception as exc:                                      |
| <frozen importlib._bootstrap_external>:1022 in exec_module                  |
|                                                                             |
| <frozen importlib._bootstrap_external>:1159 in get_code                     |
|                                                                             |
| <frozen importlib._bootstrap_external>:1217 in get_data                     |
|                                                                             |
+-----------------------------------------------------------------------------+
FileNotFoundError: [Errno 2] No such file or directory: 
'C:\\Users\\nearm\\.gemini\\antigravity\\scratch\\empire-unified\\modal_social.
py'
[Wed 01/28/2026  2:00:03.59] Social post executed 
+--------------------- Traceback (most recent call last) ---------------------+
| C:\Users\nearm\AppData\Roaming\Python\Python313\site-packages\modal\cli\imp |
| ort_refs.py:98 in import_file_or_module                                     |
|                                                                             |
|    97             assert spec.loader                                        |
| >  98             spec.loader.exec_module(module)                           |
|    99         except Exception as exc:                                      |
| <frozen importlib._bootstrap_external>:1022 in exec_module                  |
|                                                                             |
| <frozen importlib._bootstrap_external>:1159 in get_code                     |
|                                                                             |
| <frozen importlib._bootstrap_external>:1217 in get_data                     |
|                                                                             |
+-----------------------------------------------------------------------------+
FileNotFoundError: [Errno 2] No such file or directory: 
'C:\\Users\\nearm\\.gemini\\antigravity\\scratch\\empire-unified\\modal_social.
py'
[Wed 01/28/2026  8:00:04.05] Social post executed 
+--------------------- Traceback (most recent call last) ---------------------+
| C:\Users\nearm\AppData\Roaming\Python\Python313\site-packages\modal\cli\imp |
| ort_refs.py:98 in import_file_or_module                                     |
|                                                                             |
|    97             assert spec.loader                                        |
| >  98             spec.loader.exec_module(module)                           |
|    99         except Exception as exc:                                      |
| <frozen importlib._bootstrap_external>:1022 in exec_module                  |
|                                                                             |
| <frozen importlib._bootstrap_external>:1159 in get_code                     |
|                                                                             |
| <frozen importlib._bootstrap_external>:1217 in get_data                     |
|                                                                             |
+-----------------------------------------------------------------------------+
FileNotFoundError: [Errno 2] No such file or directory: 
'C:\\Users\\nearm\\.gemini\\antigravity\\scratch\\empire-unified\\modal_social.
py'
[Wed 01/28/2026 14:00:03.87] Social post executed 
+--------------------- Traceback (most recent call last) ---------------------+
| C:\Users\nearm\AppData\Roaming\Python\Python313\site-packages\modal\cli\imp |
| ort_refs.py:98 in import_file_or_module                                     |
|                                                                             |
|    97             assert spec.loader                                        |
| >  98             spec.loader.exec_module(module)                           |
|    99         except Exception as exc:                                      |
| <frozen importlib._bootstrap_external>:1022 in exec_module                  |
|                                                                             |
| <frozen importlib._bootstrap_external>:1159 in get_code                     |
|                                                                             |
| <frozen importlib._bootstrap_external>:1217 in get_data                     |
|                                                                             |
+-----------------------------------------------------------------------------+
FileNotFoundError: [Errno 2] No such file or directory: 
'C:\\Users\\nearm\\.gemini\\antigravity\\scratch\\empire-unified\\modal_social.
py'
[Thu 01/29/2026  2:00:05.08] Social post executed 
+--------------------- Traceback (most recent call last) ---------------------+
| C:\Users\nearm\AppData\Roaming\Python\Python313\site-packages\modal\cli\imp |
| ort_refs.py:98 in import_file_or_module                                     |
|                                                                             |
|    97             assert spec.loader                                        |
| >  98             spec.loader.exec_module(module)                           |
|    99         except Exception as exc:                                      |
| <frozen importlib._bootstrap_external>:1022 in exec_module                  |
|                                                                             |
| <frozen importlib._bootstrap_external>:1159 in get_code                     |
|                                                                             |
| <frozen importlib._bootstrap_external>:1217 in get_data                     |
|                                                                             |
+-----------------------------------------------------------------------------+
FileNotFoundError: [Errno 2] No such file or directory: 
'C:\\Users\\nearm\\.gemini\\antigravity\\scratch\\empire-unified\\modal_social.
py'
[Thu 01/29/2026  8:00:07.34] Social post executed 
+--------------------- Traceback (most recent call last) ---------------------+
| C:\Users\nearm\AppData\Roaming\Python\Python313\site-packages\modal\cli\imp |
| ort_refs.py:98 in import_file_or_module                                     |
|                                                                             |
|    97             assert spec.loader                                        |
| >  98             spec.loader.exec_module(module)                           |
|    99         except Exception as exc:                                      |
| <frozen importlib._bootstrap_external>:1022 in exec_module                  |
|                                                                             |
| <frozen importlib._bootstrap_external>:1159 in get_code                     |
|                                                                             |
| <frozen importlib._bootstrap_external>:1217 in get_data                     |
|                                                                             |
+-----------------------------------------------------------------------------+
FileNotFoundError: [Errno 2] No such file or directory: 
'C:\\Users\\nearm\\.gemini\\antigravity\\scratch\\empire-unified\\modal_social.
py'
[Thu 01/29/2026 14:00:04.09] Social post executed 
+--------------------- Traceback (most recent call last) ---------------------+
| C:\Users\nearm\AppData\Roaming\Python\Python313\site-packages\modal\cli\imp |
| ort_refs.py:98 in import_file_or_module                                     |
|                                                                             |
|    97             assert spec.loader                                        |
| >  98             spec.loader.exec_module(module)                           |
|    99         except Exception as exc:                                      |
| <frozen importlib._bootstrap_external>:1022 in exec_module                  |
|                                                                             |
| <frozen importlib._bootstrap_external>:1159 in get_code                     |
|                                                                             |
| <frozen importlib._bootstrap_external>:1217 in get_data                     |
|                                                                             |
+-----------------------------------------------------------------------------+
FileNotFoundError: [Errno 2] No such file or directory: 
'C:\\Users\\nearm\\.gemini\\antigravity\\scratch\\empire-unified\\modal_social.
py'
[Thu 01/29/2026 20:00:14.69] Social post executed 
^C+--------------------- Traceback (most recent call last) ---------------------+
| C:\Users\nearm\AppData\Roaming\Python\Python313\site-packages\modal\cli\imp |
| ort_refs.py:98 in import_file_or_module                                     |
|                                                                             |
|    97             assert spec.loader                                        |
| >  98             spec.loader.exec_module(module)                           |
|    99         except Exception as exc:                                      |
| <frozen importlib._bootstrap_external>:1022 in exec_module                  |
|                                                                             |
| <frozen importlib._bootstrap_external>:1159 in get_code                     |
|                                                                             |
| <frozen importlib._bootstrap_external>:1217 in get_data                     |
|                                                                             |
+-----------------------------------------------------------------------------+
FileNotFoundError: [Errno 2] No such file or directory: 
'C:\\Users\\nearm\\.gemini\\antigravity\\scratch\\empire-unified\\modal_social.
py'
[Fri 01/30/2026  8:20:20.18] Social post executed 
+--------------------- Traceback (most recent call last) ---------------------+
| C:\Users\nearm\AppData\Roaming\Python\Python313\site-packages\modal\cli\imp |
| ort_refs.py:98 in import_file_or_module                                     |
|                                                                             |
|    97             assert spec.loader                                        |
| >  98             spec.loader.exec_module(module)                           |
|    99         except Exception as exc:                                      |
| <frozen importlib._bootstrap_external>:1022 in exec_module                  |
|                                                                             |
| <frozen importlib._bootstrap_external>:1159 in get_code                     |
|                                                                             |
| <frozen importlib._bootstrap_external>:1217 in get_data                     |
|                                                                             |
+-----------------------------------------------------------------------------+
FileNotFoundError: [Errno 2] No such file or directory: 
'C:\\Users\\nearm\\.gemini\\antigravity\\scratch\\empire-unified\\modal_social.
py'
[Fri 01/30/2026 14:32:07.43] Social post executed 
+--------------------- Traceback (most recent call last) ---------------------+
| C:\Users\nearm\AppData\Roaming\Python\Python313\site-packages\modal\cli\imp |
| ort_refs.py:98 in import_file_or_module                                     |
|                                                                             |
|    97             assert spec.loader                                        |
| >  98             spec.loader.exec_module(module)                           |
|    99         except Exception as exc:                                      |
| <frozen importlib._bootstrap_external>:1022 in exec_module                  |
|                                                                             |
| <frozen importlib._bootstrap_external>:1159 in get_code                     |
|                                                                             |
| <frozen importlib._bootstrap_external>:1217 in get_data                     |
|                                                                             |
+-----------------------------------------------------------------------------+
FileNotFoundError: [Errno 2] No such file or directory: 
'C:\\Users\\nearm\\.gemini\\antigravity\\scratch\\empire-unified\\modal_social.
py'
+--------------------- Traceback (most recent call last) ---------------------+
| C:\Users\nearm\AppData\Roaming\Python\Python313\site-packages\modal\cli\imp |
| ort_refs.py:98 in import_file_or_module                                     |
|                                                                             |
|    97             assert spec.loader                                        |
| >  98             spec.loader.exec_module(module)                           |
|    99         except Exception as exc:                                      |
| <frozen importlib._bootstrap_external>:1022 in exec_module                  |
|                                                                             |
| <frozen importlib._bootstrap_external>:1159 in get_code                     |
|                                                                             |
| <frozen importlib._bootstrap_external>:1217 in get_data                     |
|                                                                             |
+-----------------------------------------------------------------------------+
FileNotFoundError: [Errno 2] No such file or directory: 
'C:\\Users\\nearm\\.gemini\\antigravity\\scratch\\empire-unified\\modal_social.
py'
[Sat 01/31/2026 20:00:06.90] Social post executed 
+--------------------- Traceback (most recent call last) ---------------------+
| C:\Users\nearm\AppData\Roaming\Python\Python313\site-packages\modal\cli\imp |
| ort_refs.py:98 in import_file_or_module                                     |
|                                                                             |
|    97             assert spec.loader                                        |
| >  98             spec.loader.exec_module(module)                           |
|    99         except Exception as exc:                                      |
| <frozen importlib._bootstrap_external>:1022 in exec_module                  |
|                                                                             |
| <frozen importlib._bootstrap_external>:1159 in get_code                     |
|                                                                             |
| <frozen importlib._bootstrap_external>:1217 in get_data                     |
|                                                                             |
+-----------------------------------------------------------------------------+
FileNotFoundError: [Errno 2] No such file or directory: 
'C:\\Users\\nearm\\.gemini\\antigravity\\scratch\\empire-unified\\modal_social.
py'
[Sun 02/01/2026  2:00:04.63] Social post executed 
+--------------------- Traceback (most recent call last) ---------------------+
| C:\Users\nearm\AppData\Roaming\Python\Python313\site-packages\modal\cli\imp |
| ort_refs.py:98 in import_file_or_module                                     |
|                                                                             |
|    97             assert spec.loader                                        |
| >  98             spec.loader.exec_module(module)                           |
|    99         except Exception as exc:                                      |
| <frozen importlib._bootstrap_external>:1022 in exec_module                  |
|                                                                             |
| <frozen importlib._bootstrap_external>:1159 in get_code                     |
|                                                                             |
| <frozen importlib._bootstrap_external>:1217 in get_data                     |
|                                                                             |
+-----------------------------------------------------------------------------+
FileNotFoundError: [Errno 2] No such file or directory: 
'C:\\Users\\nearm\\.gemini\\antigravity\\scratch\\empire-unified\\modal_social.
py'
[Sun 02/01/2026  8:28:01.41] Social post executed 
+--------------------- Traceback (most recent call last) ---------------------+
| C:\Users\nearm\AppData\Roaming\Python\Python313\site-packages\modal\cli\imp |
| ort_refs.py:98 in import_file_or_module                                     |
|                                                                             |
|    97             assert spec.loader                                        |
| >  98             spec.loader.exec_module(module)                           |
|    99         except Exception as exc:                                      |
| <frozen importlib._bootstrap_external>:1022 in exec_module                  |
|                                                                             |
| <frozen importlib._bootstrap_external>:1159 in get_code                     |
|                                                                             |
| <frozen importlib._bootstrap_external>:1217 in get_data                     |
|                                                                             |
+-----------------------------------------------------------------------------+
FileNotFoundError: [Errno 2] No such file or directory: 
'C:\\Users\\nearm\\.gemini\\antigravity\\scratch\\empire-unified\\modal_social.
py'
[Mon 02/02/2026  2:00:03.75] Social post executed 
+--------------------- Traceback (most recent call last) ---------------------+
| C:\Users\nearm\AppData\Roaming\Python\Python313\site-packages\modal\cli\imp |
| ort_refs.py:98 in import_file_or_module                                     |
|                                                                             |
|    97             assert spec.loader                                        |
| >  98             spec.loader.exec_module(module)                           |
|    99         except Exception as exc:                                      |
| <frozen importlib._bootstrap_external>:1022 in exec_module                  |
|                                                                             |
| <frozen importlib._bootstrap_external>:1159 in get_code                     |
|                                                                             |
| <frozen importlib._bootstrap_external>:1217 in get_data                     |
|                                                                             |
+-----------------------------------------------------------------------------+
FileNotFoundError: [Errno 2] No such file or directory: 
'C:\\Users\\nearm\\.gemini\\antigravity\\scratch\\empire-unified\\modal_social.
py'
[Mon 02/02/2026  8:00:07.31] Social post executed 
^C^C+--------------------- Traceback (most recent call last) ---------------------+
| C:\Users\nearm\AppData\Roaming\Python\Python313\site-packages\modal\cli\imp |
| ort_refs.py:98 in import_file_or_module                                     |
|                                                                             |
|    97             assert spec.loader                                        |
| >  98             spec.loader.exec_module(module)                           |
|    99         except Exception as exc:                                      |
| <frozen importlib._bootstrap_external>:1022 in exec_module                  |
|                                                                             |
| <frozen importlib._bootstrap_external>:1159 in get_code                     |
|                                                                             |
| <frozen importlib._bootstrap_external>:1217 in get_data                     |
|                                                                             |
+-----------------------------------------------------------------------------+
FileNotFoundError: [Errno 2] No such file or directory: 
'C:\\Users\\nearm\\.gemini\\antigravity\\scratch\\empire-unified\\modal_social.
py'
[Tue 02/03/2026  8:00:08.41] Social post executed 
+--------------------- Traceback (most recent call last) ---------------------+
| C:\Users\nearm\AppData\Roaming\Python\Python313\site-packages\modal\cli\imp |
| ort_refs.py:98 in import_file_or_module                                     |
|                                                                             |
|    97             assert spec.loader                                        |
| >  98             spec.loader.exec_module(module)                           |
|    99         except Exception as exc:                                      |
| <frozen importlib._bootstrap_external>:1022 in exec_module                  |
|                                                                             |
| <frozen importlib._bootstrap_external>:1159 in get_code                     |
|                                                                             |
| <frozen importlib._bootstrap_external>:1217 in get_data                     |
|                                                                             |
+-----------------------------------------------------------------------------+
FileNotFoundError: [Errno 2] No such file or directory: 
'C:\\Users\\nearm\\.gemini\\antigravity\\scratch\\empire-unified\\modal_social.
py'
[Tue 02/03/2026 20:27:07.50] Social post executed 
+--------------------- Traceback (most recent call last) ---------------------+
| C:\Users\nearm\AppData\Roaming\Python\Python313\site-packages\modal\cli\imp |
| ort_refs.py:98 in import_file_or_module                                     |
|                                                                             |
|    97             assert spec.loader                                        |
| >  98             spec.loader.exec_module(module)                           |
|    99         except Exception as exc:                                      |
| <frozen importlib._bootstrap_external>:1022 in exec_module                  |
|                                                                             |
| <frozen importlib._bootstrap_external>:1159 in get_code                     |
|                                                                             |
| <frozen importlib._bootstrap_external>:1217 in get_data                     |
|                                                                             |
+-----------------------------------------------------------------------------+
FileNotFoundError: [Errno 2] No such file or directory: 
'C:\\Users\\nearm\\.gemini\\antigravity\\scratch\\empire-unified\\modal_social.
py'
[Wed 02/04/2026  2:00:04.63] Social post executed 
+--------------------- Traceback (most recent call last) ---------------------+
| C:\Users\nearm\AppData\Roaming\Python\Python313\site-packages\modal\cli\imp |
| ort_refs.py:98 in import_file_or_module                                     |
|                                                                             |
|    97             assert spec.loader                                        |
| >  98             spec.loader.exec_module(module)                           |
|    99         except Exception as exc:                                      |
| <frozen importlib._bootstrap_external>:1022 in exec_module                  |
|                                                                             |
| <frozen importlib._bootstrap_external>:1159 in get_code                     |
|                                                                             |
| <frozen importlib._bootstrap_external>:1217 in get_data                     |
|                                                                             |
+-----------------------------------------------------------------------------+
FileNotFoundError: [Errno 2] No such file or directory: 
'C:\\Users\\nearm\\.gemini\\antigravity\\scratch\\empire-unified\\modal_social.
py'
[Wed 02/04/2026 20:00:08.62] Social post executed 
+--------------------- Traceback (most recent call last) ---------------------+
| C:\Users\nearm\AppData\Roaming\Python\Python313\site-packages\modal\cli\imp |
| ort_refs.py:98 in import_file_or_module                                     |
|                                                                             |
|    97             assert spec.loader                                        |
| >  98             spec.loader.exec_module(module)                           |
|    99         except Exception as exc:                                      |
| <frozen importlib._bootstrap_external>:1022 in exec_module                  |
|                                                                             |
| <frozen importlib._bootstrap_external>:1159 in get_code                     |
|                                                                             |
| <frozen importlib._bootstrap_external>:1217 in get_data                     |
|                                                                             |
+-----------------------------------------------------------------------------+
FileNotFoundError: [Errno 2] No such file or directory: 
'C:\\Users\\nearm\\.gemini\\antigravity\\scratch\\empire-unified\\modal_social.
py'
[Thu 02/05/2026  8:00:05.28] Social post executed 
^C+--------------------- Traceback (most recent call last) ---------------------+
| C:\Users\nearm\AppData\Roaming\Python\Python313\site-packages\modal\cli\imp |
| ort_refs.py:98 in import_file_or_module                                     |
|                                                                             |
|    97             assert spec.loader                                        |
| >  98             spec.loader.exec_module(module)                           |
|    99         except Exception as exc:                                      |
| <frozen importlib._bootstrap_external>:1022 in exec_module                  |
|                                                                             |
| <frozen importlib._bootstrap_external>:1159 in get_code                     |
|                                                                             |
| <frozen importlib._bootstrap_external>:1217 in get_data                     |
|                                                                             |
+-----------------------------------------------------------------------------+
FileNotFoundError: [Errno 2] No such file or directory: 
'C:\\Users\\nearm\\.gemini\\antigravity\\scratch\\empire-unified\\modal_social.
py'
[Thu 02/05/2026 20:00:10.46] Social post executed 
